(rustup target list | grep "riscv64gc-unknown-none-elf (installed)") || rustup target add riscv64gc-unknown-none-elf
riscv64gc-unknown-none-elf (installed)
cargo install cargo-binutils --vers =0.3.3
rustup component add rust-src
rustup component add llvm-tools-preview
(which last-qemu) || (rm last-k210 -f && touch last-qemu && make clean)
make[1]: Entering directory '/mnt/c/Users/15521/Desktop/study_space/rCore-Tutorial-v3/os'
make[1]: Leaving directory '/mnt/c/Users/15521/Desktop/study_space/rCore-Tutorial-v3/os'
make[1]: Entering directory '/mnt/c/Users/15521/Desktop/study_space/rCore-Tutorial-v3/user'
make[1]: Leaving directory '/mnt/c/Users/15521/Desktop/study_space/rCore-Tutorial-v3/user'
Platform: qemu
[rustsbi] RustSBI version 0.2.0-alpha.6
.______       __    __      _______.___________.  _______..______   __
|   _  \     |  |  |  |    /       |           | /       ||   _  \ |  |
|  |_)  |    |  |  |  |   |   (----`---|  |----`|   (----`|  |_)  ||  |
|      /     |  |  |  |    \   \       |  |      \   \    |   _  < |  |
|  |\  \----.|  `--'  |.----)   |      |  |  .----)   |   |  |_)  ||  |
| _| `._____| \______/ |_______/       |__|  |_______/    |______/ |__|

[rustsbi] Implementation: RustSBI-QEMU Version 0.0.2
[rustsbi-dtb] Hart count: cluster0 with 1 cores
[rustsbi] misa: RV64ACDFIMSU
[rustsbi] mideleg: ssoft, stimer, sext (0x222)
[rustsbi] medeleg: ima, ia, bkpt, la, sa, uecall, ipage, lpage, spage (0xb1ab)
[rustsbi] pmp0: 0x10000000 ..= 0x10001fff (rwx)
[rustsbi] pmp1: 0x80000000 ..= 0x8fffffff (rwx)
[rustsbi] pmp2: 0x0 ..= 0xffffffffffffff (---)
[rustsbi] enter supervisor 0x80200000
[kernel] Hello, world!
.text [0x80200000, 0x8020b000)
.rodata [0x8020b000, 0x8020f000)
.data [0x8020f000, 0x8023f000)
.bss [0x8023f000, 0x80550000)
mapping .text section
mapping .rodata section
mapping .data section
mapping .bss section
mapping physical memory
[kernel] back to world!
remap_test passed!
init TASK_MANAGER
num_app = 2
205268
current_time: -1
17
Panicked at src/bin/test1_sleep.rs:17, assertion failed: current_time > 0
74
221451
current time_msec = -1
23
228665
229607
74
0
[kernel] Application exited with code -1
0
0
238024
0
239148
0
240281
0
241397
0
242536
0
243915
0
245638
0
247019
247019
0
249605
0
250790
0
251856
0
252923
0
254195
0
255296
0
256392
0
257470
0
258545
258545
0
260609
0
261725
0
262834
0
263893
0
264971
0
266055
0
267135
0
268201
0
269310
269310
0
271395
0
272455
0
273516
0
274810
0
275948
0
277085
0
278227
0
279366
0
280582
280582
0
283069
0
284257
0
285703
0
286838
0
288023
0
289100
0
290168
0
291241
0
292378
292378
0
294338
0
295397
0
296483
0
297580
0
298656
0
299803
0
301026
0
302128
0
303191
303191
0
305210
0
306283
0
307363
0
308522
0
309588
0
310649
0
311776
0
312837
0
314008
314008
0
316084
0
317206
0
318264
0
319339
0
320730
0
321889
0
323035
0
324313
0
0
325999
0
327199
0
328290
0
329351
0
330412
0
331474
0
332549
0
333636
0
334712
0
335774
335774
0
337783
0
339104
0
340267
0
341402
0
342559
0
343751
0
344870
0
346222
0
0
347660
0
348764
0
349845
0
350909
0
351973
0
353324
0
354515
0
355817
0
356959
0
0
358502
0
359963
0
361215
0
362301
0
363555
0
364884
0
366103
0
367293
0
368381
368381
0
370451
0
371525
0
372595
0
373671
0
374790
0
375908
0
376984
0
378054
0
379253
379253
0
381303
0
382401
0
383488
0
384574
0
385651
0
386731
0
387800
0
388889
0
389999
389999
0
392171
0
393310
0
394450
0
395566
0
396682
0
397839
0
399414
0
400742
400742
0
402949
0
404424
0
405656
0
406766
0
407916
0
409027
0
410135
0
411733
411733
0
414102
0
415271
0
416874
0
418155
0
419234
0
420299
0
421363
0
422468
0
0
423960
0
425048
0
426184
0
427250
0
428317
0
429382
0
430447
0
431680
0
432830
0
433894
433894
0
435961
0
437101
0
438741
0
439881
0
441012
0
442229
0
443682
0
444936
444936
0
447020
0
448101
0
449183
0
450397
0
451493
0
452574
0
453678
0
454755
0
455835
455835
0
458184
0
459474
0
460590
0
461871
0
463001
0
464147
0
465278
0
466455
0
0
467987
0
469110
0
470534
0
472232
0
473590
0
474754
0
476221
0
477733
477733
0
480149
0
481287
0
483193
0
485295
0
486849
0
488075
0
0
490093
0
491418
0
492577
0
493680
0
494905
0
496296
0
497698
0
499398
499398
0
502047
0
503298
0
504473
0
505553
0
506610
0
507798
0
509859
509859
0
512130
0
513230
0
514766
0
516250
0
518748
0
520147
0
0
522612
0
524455
0
525561
0
526744
0
527997
0
529265
0
530856
0
531970
531970
0
534210
0
535813
0
537168
0
538528
0
539609
0
540699
0
541866
0
542971
0
544134
0
545326
545326
0
547668
0
548863
0
550011
0
551183
0
552343
0
553611
0
555114
0
556239
556239
0
558729
0
560067
0
561258
0
562369
0
563474
0
564599
0
565731
0
566853
0
0
568322
0
569465
0
570574
0
571676
0
572996
0
574168
0
575400
0
576513
0
577642
577642
0
579735
0
580835
0
581943
0
583073
0
584208
0
585460
0
586545
0
587583
0
588684
588684
0
590737
0
591805
0
592869
0
593977
0
595311
0
596445
0
597794
0
599627
599627
0
601912
0
603054
0
604172
0
605296
0
606404
0
607566
0
608687
0
609877
0
611110
611110
0
613187
0
614292
0
615414
0
616552
0
617660
0
618772
0
619881
0
620986
0
622082
622082
0
624415
0
625581
0
626709
0
627864
0
629068
0
630602
0
631720
0
632860
0
634218
634218
0
637065
0
638366
0
639508
0
640600
0
641741
0
642835
0
643924
0
645023
0
646134
0
647327
647327
0
649492
0
650601
0
651690
0
652774
0
653865
0
654956
0
656047
0
657132
0
658238
0
659420
0
0
661204
0
662335
0
663415
0
664505
0
665578
0
666706
0
667835
0
668925
0
670015
0
671119
671119
0
673434
0
674645
0
675766
0
676859
0
677943
0
679040
0
680400
0
681494
0
682640
0
0
684184
0
685377
0
686721
0
687836
0
688929
0
690197
0
691380
0
692470
0
693630
0
694748
0
695941
0
697174
697174
0
699426
0
700597
0
701655
0
702713
0
703802
0
704879
0
706016
0
707126
0
708266
708266
0
710370
0
711568
0
712679
0
713878
0
714992
0
716125
0
717233
0
718322
0
719415
0
720582
720582
0
722803
0
724054
0
725181
0
726272
0
727364
0
728479
0
729572
0
730665
0
731766
0
732969
732969
0
735107
0
736203
0
737919
0
739375
0
740733
0
742103
0
743169
0
744288
744288
0
746276
0
747317
0
748827
0
750009
0
751117
0
752219
0
753305
0
754399
0
755546
755546
0
757792
0
758892
0
759979
0
761131
0
762296
0
763391
0
764483
0
765907
0
767005
0
768210
0
0
769789
0
770912
0
772005
0
773099
0
774377
0
775468
0
776545
0
777644
0
778714
0
779819
779819
0
782365
0
783502
0
784639
0
785728
0
786907
0
788025
0
789117
0
790207
0
791322
791322
0
793456
0
794656
0
795748
0
796837
0
797935
0
799238
0
800339
0
801430
0
802520
0
803699
0
0
805214
0
806373
0
807512
0
808646
0
809750
0
810844
0
812413
0
813501
0
814521
0
0
815910
0
816965
0
818231
0
819647
0
820777
0
821896
0
822991
0
824252
0
825364
0
826496
0
827693
827693
0
829813
0
830903
0
831996
0
833142
0
834246
0
835339
0
836443
0
837662
0
838773
0
839936
839936
0
842150
0
843264
0
844356
0
845453
0
846539
0
847630
0
848780
0
850031
0
851271
851271
0
853336
0
854402
0
855495
0
856852
0
858184
0
859330
0
860444
0
861538
0
0
863283
0
864447
0
865544
0
866700
0
867812
0
868910
0
870006
0
871092
0
872182
0
873271
873271
0
875565
0
876654
0
877997
0
879458
0
880813
0
882124
0
883250
0
884403
0
885589
0
886794
886794
0
889298
0
890452
0
891655
0
892836
0
894236
0
896071
0
897516
0
898866
898866
0
901120
0
902237
0
903358
0
904498
0
905620
0
906738
0
908166
0
909901
909901
0
913331
0
915750
0
917539
0
919195
0
920915
920915
0
924013
0
925661
0
927888
0
929506
0
931083
0
932712
932712
0
936009
0
937966
0
939915
0
941664
0
943355
943355
0
946478
0
948257
0
950005
0
951570
0
953452
0
954933
954933
0
957592
0
958952
0
960409
0
961883
0
963526
0
965794
965794
0
969010
0
970549
0
971853
0
973360
0
974978
0
976343
0
0
978334
0
980016
0
981501
0
982962
0
984585
0
985814
0
987030
0
988235
988235
0
990752
0
992120
0
993439
0
994690
0
995943
0
997179
0
998355
0
999552
999552
0
1001846
0
1004546
0
1006375
0
1007792
0
1009132
0
1010414
1010414
0
1012999
0
1014409
0
1016082
0
1017531
0
1018869
0
1020406
0
1021767
1021767
0
1024775
0
1026124
0
1027394
0
1028911
0
1030347
0
1031758
0
1033396
1033396
0
1036063
0
1037384
0
1038778
0
1040239
0
1041963
0
1043456
0
1044762
1044762
0
1047328
0
1048736
0
1050090
0
1051741
0
1053155
0
1054607
0
1055883
1055883
0
1058238
0
1059545
0
1060884
0
1062180
0
1063427
0
1064663
0
1065932
0
0
1067922
0
1069336
0
1070731
0
1072024
0
1073226
0
1074530
0
1075929
0
1077162
1077162
0
1079579
0
1080812
0
1082006
0
1083219
0
1084435
0
1085675
0
1086893
0
1088089
1088089
0
1090513
0
1091738
0
1093025
0
1094261
0
1095494
0
1096836
0
1098063
0
1099311
1099311
0
1101600
0
1102891
0
1104143
0
1105436
0
1106855
0
1108127
0
1109482
0
1111043
1111043
0
1113913
0
1115132
0
1116405
0
1117957
0
1119266
0
1120455
0
1121645
0
1122898
1122898
0
1125261
0
1126492
0
1127724
0
1128963
0
1130323
0
1131540
0
1132758
0
1134032
0
0
1135778
0
1136954
0
1138127
0
1139361
0
1140545
0
1141794
0
1143447
0
1144825
0
1146057
1146057
0
1148623
0
1150264
0
1151468
0
1152652
0
1153853
0
1155027
0
1156691
1156691
0
1159629
0
1160803
0
1161992
0
1163220
0
1164439
0
1165636
0
1166859
0
1168198
1168198
0
1170529
0
1171745
0
1173011
0
1174252
0
1175465
0
1177098
0
1178633
0
1180588
1180588
0
1182950
0
1184168
0
1185337
0
1186630
0
1188098
0
1189277
0
1190432
0
1191623
1191623
0
1194803
0
1196105
0
1197261
0
1198423
0
1199653
0
1200916
0
1202097
0
1203337
1203337
0
1205688
0
1207066
0
1208284
0
1209480
0
1210650
0
1211833
0
1213004
0
1214238
0
1215642
0
0
1217729
0
1219248
0
1220746
0
1222414
0
1223810
0
1225061
0
1226285
0
1227541
0
1228834
0
1230161
1230161
0
1232479
0
1233939
0
1235292
0
1236624
0
1237788
0
1239017
0
1240554
1240554
0
1243296
0
1244840
0
1247041
0
1248329
0
1249576
0
1250809
0
1251996
1251996
0
1254360
0
1255585
0
1256791
0
1258103
0
1259458
0
1260960
0
1262513
0
0
1264050
0
1265250
0
1266523
0
1267746
0
1268931
0
1270259
0
1271675
0
1273171
0
0
1274989
0
1276185
0
1277402
0
1278700
0
1279904
0
1281114
0
1282695
0
1284307
1284307
0
1286759
0
1288087
0
1289411
0
1290813
0
1292088
0
1293360
0
1294637
0
0
1296362
0
1298042
0
1299397
0
1300694
0
1301974
0
1303255
0
1304525
0
1305802
1305802
0
1308298
0
1309694
0
1310980
0
1312216
0
1313448
0
1314700
0
1316333
0
1318137
0
1319600
1319600
0
1322709
0
1324069
0
1325479
0
1326750
0
1328023
0
1329300
0
1330779
1330779
0
1333299
0
1334672
0
1335968
0
1337418
0
1338807
0
1340092
0
1341448
0
1342816
0
1344201
0
1345611
1345611
0
1348358
0
1349730
0
1351198
0
1352570
0
1354181
0
1355860
0
1357269
1357269
0
1360326
0
1361649
0
1363173
0
1364485
0
1365841
0
1367266
0
0
1369414
0
1370665
0
1371902
0
1373998
0
1375481
0
1376780
0
1378097
0
1379447
1379447
0
1382025
0
1383362
0
1384711
0
1386914
0
1388697
0
1389989
0
1391380
1391380
0
1394832
0
1396326
0
1398237
0
1400379
0
1401982
0
1403238
1403238
0
1405926
0
1407520
0
1409398
0
1410813
0
1412477
0
1414278
1414278
0
1416930
0
1418381
0
1420014
0
1421494
0
1423012
0
1424568
0
0
1426940
0
1428445
0
1429726
0
1431402
0
1433187
0
1434627
0
1436200
0
0
1438176
0
1439561
0
1440930
0
1442262
0
1443775
0
1445214
0
1446496
0
1447983
1447983
0
1451728
0
1452990
0
1454190
0
1455390
0
1456653
0
1457930
0
1459154
0
1460415
1460415
0
1462919
0
1464314
0
1465689
0
1466960
0
1468172
0
1469388
0
1470620
0
1471840
1471840
0
1474579
0
1476344
0
1477706
0
1479087
0
1480347
0
1481678
0
1482953
1482953
0
1485375
0
1486689
0
1487930
0
1489203
0
1490510
0
1491921
0
1493156
0
1494358
1494358
0
1496705
0
1497925
0
1499303
0
1501104
0
1502321
0
1503494
0
1504668
0
0
1506336
0
1507552
0
1508829
0
1510003
0
1511171
0
1512403
0
1514021
0
1515373
0
0
1516971
0
1518280
0
1519689
0
1520983
0
1522266
0
1523733
0
1525369
0
1527104
1527104
0
1529761
0
1531302
0
1532512
0
1534016
0
1535188
0
1536362
0
1537538
0
1538939
1538939
0
1541160
0
1542339
0
1543507
0
1544692
0
1545861
0
1547102
0
1548405
0
1549699
1549699
0
1552102
0
1553391
0
1554589
0
1555786
0
1557037
0
1558352
0
1559620
0
1560907
1560907
0
1563687
0
1564944
0
1566279
0
1567489
0
1568659
0
1569851
0
1571039
0
1572214
1572214
0
1574587
0
1575855
0
1577026
0
1578488
0
1579763
0
1580946
0
1582141
0
1583387
1583387
0
1585691
0
1586945
0
1588117
0
1589439
0
1590622
0
1592037
0
1593287
0
1594523
1594523
0
1596880
0
1598529
0
1599830
0
1601074
0
1602729
0
1604171
0
1605400
1605400
0
1607677
0
1608901
0
1610102
0
1611323
0
1612606
0
1613824
0
1615024
0
1616391
1616391
0
1619145
0
1620336
0
1621523
0
1622718
0
1623924
0
1625175
0
1626403
0
1627603
1627603
0
1630220
0
1631548
0
1632826
0
1634106
0
1635351
0
1636795
0
1638070
0
0
1639719
0
1641393
0
1642876
0
1644248
0
1645540
0
1646806
0
1648074
0
1649354
1649354
0
1651788
0
1653063
0
1654331
0
1656330
0
1657695
0
1659117
0
1660344
1660344
0
1662693
0
1663915
0
1665145
0
1666400
0
1667832
0
1669073
0
1670319
0
1671564
1671564
0
1674120
0
1675419
0
1676696
0
1678019
0
1679739
0
1681445
0
1682665
1682665
0
1684964
0
1686259
0
1687448
0
1688626
0
1689804
0
1691001
0
1692181
0
1693598
1693598
0
1695850
0
1697025
0
1698202
0
1699453
0
1700697
0
1701870
0
1703044
0
1704216
1704216
0
1707067
0
1708432
0
1710318
0
1711598
0
1713380
0
1714704
0
0
1716382
0
1717946
0
1720111
0
1721510
0
1722737
0
1723957
0
1725170
0
1726380
1726380
0
1729203
0
1730558
0
1732434
0
1733663
0
1734880
0
1736107
0
1737313
1737313
0
1739606
0
1740824
0
1742147
0
1743571
0
1744794
0
1746000
0
1747209
0
1748423
1748423
0
1751284
0
1752520
0
1753734
0
1755326
0
1757895
0
1759542
1759542
0
1761936
0
1763214
0
1764478
0
1765781
0
1767047
0
1768314
0
1769812
1769812
0
1772762
0
1774011
0
1775461
0
1777096
0
1778586
0
1779926
0
1781114
1781114
0
1783593
0
1784744
0
1785874
0
1787025
0
1788190
0
1789647
0
1790886
0
1792116
1792116
0
1795085
0
1796646
0
1797948
0
1799182
0
1800400
0
1801586
0
1802776
0
0
1804360
0
1805613
0
1806812
0
1809310
0
1810859
0
1812652
0
1813889
1813889
0
1816164
0
1817348
0
1818520
0
1819691
0
1821217
0
1822479
0
1823726
0
1825049
1825049
0
1827911
0
1829156
0
1830387
0
1832034
0
1833417
0
1834629
0
1835834
1835834
0
1838112
0
1839345
0
1840532
0
1841733
0
1842942
0
1844167
0
1845356
0
1846672
1846672
0
1848980
0
1850176
0
1851403
0
1852648
0
1853867
0
1855066
0
1856256
0
1857472
1857472
0
1859851
0
1861107
0
1862350
0
1863584
0
1864846
0
1866267
0
1867604
0
1868875
1868875
0
1871709
0
1873419
0
1875358
0
1876611
0
1877800
0
1879009
0
1880217
1880217
0
1882489
0
1883725
0
1884918
0
1886259
0
1887567
0
1889114
0
1890632
0
0
1892208
0
1893413
0
1894664
0
1895850
0
1897037
0
1898377
0
1899722
0
1900980
0
1902221
1902221
0
1904717
0
1906370
0
1907635
0
1908993
0
1910604
0
1912022
0
1913781
1913781
0
1916424
0
1917629
0
1918804
0
1919978
0
1921162
0
1922379
0
1923648
0
1924936
1924936
0
1927177
0
1928363
0
1929547
0
1930739
0
1931952
0
1933153
0
1934354
0
1935529
1935529
0
1938026
0
1939270
0
1940505
0
1941744
0
1943032
0
1944809
0
1946103
0
0
1947871
0
1949532
0
1950912
0
1952112
0
1953324
0
1954525
0
1955717
0
1956917
0
0
1958512
0
1959708
0
1961098
0
1962287
0
1963664
0
1964909
0
1966130
0
1967359
0
1968556
1968556
0
1970792
0
1971983
0
1973195
0
1974419
0
1975757
0
1976961
0
1978238
0
1979437
1979437
0
1981777
0
1983059
0
1984293
0
1985529
0
1987097
0
1988606
0
1989895
0
0
1991531
0
1992786
0
1994023
0
1995261
0
1996504
0
1997727
0
1998954
0
2000196
0
2001563
2001563
0
2003889
0
2005124
0
2006402
0
2007671
0
2008907
0
2010193
0
2011466
0
2012980
2012980
0
2015549
0
2016795
0
2018037
0
2019325
0
2020719
0
2022231
0
2023469
0
2024778
2024778
0
2027414
0
2028948
0
2030229
0
2031491
0
2032767
0
2034114
0
2035380
2035380
0
2037759
0
2039124
0
2040440
0
2041716
0
2042988
0
2044252
0
2045611
0
2046882
2046882
0
2049261
0
2050563
0
2051992
0
2053211
0
2054417
0
2055652
0
2056871
0
2058459
2058459
0
2060886
0
2062142
0
2064039
0
2065397
0
2066705
0
2067978
0
2069263
2069263
0
2071676
0
2072964
0
2074260
0
2075551
0
2077235
0
2078881
0
2080150
2080150
0
2082533
0
2083787
0
2085022
0
2086251
0
2087485
0
2088827
0
2090895
2090895
0
2093731
0
2094985
0
2096461
0
2098071
0
2099352
0
2100629
0
2102382
2102382
0
2106031
0
2107306
0
2108584
0
2109858
0
2111117
0
2112393
0
2113659
0
0
2115407
0
2117116
0
2118398
0
2119586
0
2120772
0
2121958
0
2123179
0
2124438
0
0
2126003
0
2127603
0
2128958
0
2130814
0
2132036
0
2133273
0
2134812
0
0
2136764
0
2138051
0
2139323
0
2140823
0
2142269
0
2143489
0
2144721
0
2145921
0
0
2147474
0
2148681
0
2149898
0
2151103
0
2152305
0
2153615
0
2154815
0
2156011
0
2157217
2157217
0
2159486
0
2160680
0
2161872
0
2163089
0
2164323
0
2165654
0
2166905
0
2168057
2168057
0
2170223
0
2171446
0
2172925
0
2178743
2178743
0
2181426
0
2182635
0
2183815
0
2185027
0
2186260
0
2187483
0
2188667
0
2189848
2189848
0
2192259
0
2193568
0
2194764
0
2195940
0
2197122
0
2198299
0
2199524
0
2200845
2200845
0
2203385
0
2204842
0
2206289
0
2207614
0
2208871
0
2210415
0
2212246
2212246
0
2215237
0
2216834
0
2218474
0
2219685
0
2220888
0
2222124
0
2223336
0
0
2224986
0
2226215
0
2227495
0
2228759
0
2230034
0
2231280
0
2232498
0
2233710
0
2234917
2234917
0
2237175
0
2238374
0
2239573
0
2240796
0
2242129
0
2243573
0
2244778
0
2245956
2245956
0
2248220
0
2249637
0
2251037
0
2252234
0
2253437
0
2254850
0
2256201
0
2257411
2257411
0
2259665
0
2260860
0
2262051
0
2263244
0
2264436
0
2265629
0
2266834
0
2268541
2268541
0
2271051
0
2272389
0
2273586
0
2274838
0
2276031
0
2277225
0
2278416
0
2279649
0
0
2281487
0
2282738
0
2284014
0
2285266
0
2286500
0
2287867
0
2289406
0
2291351
2291351
0
2294605
0
2295939
0
2297246
0
2298475
0
2300017
0
2301582
0
2302798
2302798
0
2305523
0
2307015
0
2308280
0
2309508
0
2311170
0
2312520
0
2313719
2313719
0
2316240
0
2317837
0
2319074
0
2320623
0
2322227
0
2324139
2324139
0
2327108
0
2328746
0
2330240
0
2331712
0
2333343
0
2334760
0
2336056
2336056
0
2338268
0
2339872
0
2341420
0
2342753
0
2344047
0
2345597
0
2346960
0
0
2348563
0
2349826
0
2351040
0
2352235
0
2353519
0
2354731
0
2355926
0
2357114
0
2358445
2358445
0
2360742
0
2361951
0
2363163
0
2364446
0
2365669
0
2366946
0
2368225
0
2369814
2369814
0
2372218
0
2373395
0
2374633
0
2375853
0
2377034
0
2378214
0
2379391
0
2380573
0
2381787
2381787
0
2384241
0
2385420
0
2386604
0
2387986
0
2389160
0
2390341
0
2391573
0
2392745
0
2393990
2393990
0
2396593
0
2397787
0
2398943
0
2400169
0
2401362
0
2402622
0
2403814
0
2404996
2404996
0
2407259
0
2408656
0
2409839
0
2411015
0
2412204
0
2413380
0
2414566
0
2415749
0
0
2417353
0
2418650
0
2419897
0
2421261
0
2422619
0
2423821
0
2425050
0
2426234
0
2427420
2427420
0
2429724
0
2431040
0
2432225
0
2433510
0
2434924
0
2436373
0
2437537
0
2438751
2438751
0
2441104
0
2442321
0
2443519
0
2444842
0
2446279
0
2447731
0
2448982
0
2450218
0
2451529
0
0
2453148
0
2454356
0
2455544
0
2456730
0
2457966
0
2459363
0
2460574
0
2461766
0
2462963
0
2464288
0
2465599
2465599
0
2467901
0
2469087
0
2470277
0
2471540
0
2473343
0
2474833
0
2476083
0
0
2477708
0
2479061
0
2480417
0
2481764
0
2483016
0
2484710
0
2485959
0
2487170
2487170
0
2489440
0
2490635
0
2491929
0
2493126
0
2494320
0
2495520
0
2497078
0
2498635
2498635
0
2501008
0
2502244
0
2503474
0
2504714
0
2505981
0
2507234
0
2508483
0
2509864
2509864
0
2512224
0
2513469
0
2514741
0
2516346
0
2517863
0
2519223
0
2520829
2520829
0
2523548
0
2524805
0
2526000
0
2527192
0
2528382
0
2529574
0
2530767
0
2531955
2531955
0
2534322
0
2535996
0
2537608
0
2539125
0
2540436
0
2541676
0
2542962
2542962
0
2545282
0
2546526
0
2548208
0
2550039
0
2551681
0
2553258
0
0
2555388
0
2556743
0
2558023
0
2559297
0
2561091
0
2562707
0
2564018
0
2565291
2565291
0
2567688
0
2568936
0
2570175
0
2571418
0
2572958
0
2574303
0
2575697
0
2576977
2576977
0
2579298
0
2580544
0
2581789
0
2583068
0
2584388
0
2585949
0
2587584
2587584
0
2590651
0
2592309
0
2593946
0
2595608
0
2597355
0
2599164
2599164
0
2601831
0
2603240
0
2604526
0
2605870
0
2607212
0
2608494
0
2609729
0
0
2611433
0
2612618
0
2613808
0
2614999
0
2616316
0
2617518
0
2618690
0
2619885
0
2621093
2621093
0
2623537
0
2624983
0
2626305
0
2627563
0
2628845
0
2630131
0
2631455
0
0
2633075
0
2634379
0
2636023
0
2637684
0
2638955
0
2640418
0
2642049
0
0
2643761
0
2645075
0
2646272
0
2647468
0
2648851
0
2650122
0
2651363
0
2652533
0
2653701
2653701
0
2655927
0
2657095
0
2658350
0
2659532
0
2660701
0
2662008
0
2663195
0
2664379
2664379
0
2666685
0
2667966
0
2669155
0
2670334
0
2671510
0
2672777
0
2674151
0
2675380
2675380
0
2677636
0
2678819
0
2680002
0
2681180
0
2682384
0
2683579
0
2684765
0
2686009
2686009
0
2688250
0
2689438
0
2690623
0
2691810
0
2693011
0
2694198
0
2695386
0
2696577
2696577
0
2699016
0
2700445
0
2701663
0
2703238
0
2704522
0
2705871
0
2707537
2707537
0
2709832
0
2711562
0
2712916
0
2714155
0
2715344
0
2716549
0
2717785
0
2718976
2718976
0
2721218
0
2722455
0
2723655
0
2725049
0
2726276
0
2727865
0
2729175
0
2730367
2730367
0
2732665
0
2733902
0
2735101
0
2736295
0
2737702
0
2738915
0
2740121
0
2741418
2741418
0
2743767
0
2744960
0
2746155
0
2747483
0
2749133
0
2750456
0
2751658
0
2752893
2752893
0
2755221
0
2756419
0
2757612
0
2758836
0
2760024
0
2761218
0
2762500
0
2763692
2763692
0
2765938
0
2767140
0
2768334
0
2769549
0
2770752
0
2771945
0
2773132
0
2774393
2774393
0
2777194
0
2778357
0
2779512
0
2780699
0
2782049
0
2783376
0
2784592
0
2785948
2785948
0
2788749
0
2789945
0
2791164
0
2792364
0
2793551
0
2794751
0
2795940
0
2797181
2797181
0
2799445
0
2800784
0
2801986
0
2803174
0
2804364
0
2805554
0
2806755
0
2807982
2807982
0
2810226
0
2811456
0
2812815
0
2814008
0
2815162
0
2816352
0
2817588
0
2818859
2818859
0
2821979
0
2823345
0
2824565
0
2825964
0
2827291
0
2828492
0
2829688
0
2830925
2830925
0
2833153
0
2834349
0
2835540
0
2836729
0
2837992
0
2839249
0
2840466
0
2841661
2841661
0
2844032
0
2845268
0
2846936
0
2848116
0
2849321
0
2850586
0
2851910
0
2853151
2853151
0
2855391
0
2856832
0
2858118
0
2859345
0
2860568
0
2861796
0
2862976
0
2864247
2864247
0
2866538
0
2867736
0
2868918
0
2870097
0
2871275
0
2872451
0
2873627
0
2874814
2874814
0
2877190
0
2878375
0
2879560
0
2880791
0
2881928
0
2883157
0
2884374
0
2885517
2885517
0
2887664
0
2888903
0
2890358
0
2891638
0
2892884
0
2894070
0
2895273
0
0
2897799
0
2899409
0
2900883
0
2902248
0
2903452
0
2904619
0
2905758
0
2906934
0
0
2908589
0
2909755
0
2910898
0
2912039
0
2913239
0
2914383
0
2916081
0
2917466
0
0
2919290
0
2920547
0
2921714
0
2922934
0
2924150
0
2925335
0
2926513
0
2927648
0
2929402
2929402
0
2932173
0
2933397
0
2934562
0
2936007
0
2937553
0
2938935
0
2940239
0
0
2942358
0
2943874
0
2945024
0
2946167
0
2947319
0
2948488
0
2949770
0
2950974
0
2952147
2952147
0
2954383
0
2955853
0
2957129
0
2958416
0
2959592
0
2960764
0
2961944
0
2963115
2963115
0
2965413
0
2966650
0
2967998
0
2969198
0
2970361
0
2971517
0
2972686
0
2973953
2973953
0
2976240
0
2977448
0
2978768
0
2980299
0
2981861
0
2983299
0
2984686
2984686
0
2987146
0
2988328
0
2989517
0
2990712
0
2991928
0
2993131
0
2994469
0
2995687
2995687
0
2997959
0
2999157
0
3000359
0
3001550
0
3002725
0
3003903
0
3005080
0
3006325
3006325
0
3008770
0
3010026
0
3011265
0
3012503
0
3013836
0
3015850
0
3017313
3017313
0
3020250
0
3021649
0
3022880
0
3024132
0
3025346
0
3026550
0
3027742
0
3028948
3028948
0
3031191
0
3032386
0
3033922
0
3035152
0
3036366
0
3037548
0
3038753
0
3040079
3040079
0
3042758
0
3044100
0
3045402
0
3047139
0
3048945
0
3050717
3050717
0
3054197
0
3056154
0
3057642
0
3059486
0
3061068
0
3062455
3062455
0
3064741
0
3065985
0
3067230
0
3068468
0
3069856
0
3071041
0
3072763
3072763
0
3075514
0
3076761
0
3078018
0
3079287
0
3080536
0
3081826
0
3083163
0
0
3085530
0
3086880
0
3088121
0
3089434
0
3090907
0
3092551
0
3093816
0
3095159
3095159
0
3097752
0
3099035
0
3100341
0
3101595
0
3102906
0
3104176
0
3105425
0
0
3107091
0
3108357
0
3109766
0
3111761
0
3113016
0
3114193
0
3115383
0
3116687
3116687
0
3118965
0
3120164
0
3121349
0
3122683
0
3124010
0
3125279
0
3126508
0
3127747
3127747
0
3130700
0
3132026
0
3133350
0
3134568
0
3135867
0
3137172
0
3138353
0
0
3139895
0
3141091
0
3142292
0
3143454
0
3144677
0
3145837
0
3147005
0
3148164
0
3149466
3149466
0
3151737
0
3152907
0
3154105
0
3155419
0
3156596
0
3157824
0
3159077
0
3160238
3160238
0
3162654
0
3163888
0
3165040
0
3166234
0
3167454
0
3168857
0
3170283
0
3171496
3171496
0
3174226
0
3175565
0
3176767
0
3177934
0
3179101
0
3180271
0
3181453
0
3182693
3182693
0
3184954
0
3186229
0
3187405
0
3188815
0
3190564
0
3191830
0
3193039
0
3194288
3194288
0
3196597
0
3197793
0
3198992
0
3200808
0
3202456
0
3203781
0
3205030
3205030
0
3208058
0
3209759
0
3211106
0
3212582
0
3214760
0
3216111
3216111
0
3218540
0
3220143
0
3221621
0
3223427
0
3224771
0
3226630
3226630
0
3229245
0
3230473
0
3232017
0
3233738
0
3235115
0
3236315
0
3237527
3237527
0
3240696
0
3242014
0
3243278
0
3244829
0
3247310
0
3249035
3249035
0
3252367
0
3254111
0
3255543
0
3257009
0
3258